18:04:30 [main] INFO  dgroomes.InteractionSimulator - Executing a query...
18:04:30 [main] TRACE o.h.e.i.DefaultLoadEventListener - Loading entity: [dgroomes.db.Observation#1]
18:04:30 [main] TRACE o.h.e.i.DefaultLoadEventListener - Attempting to resolve: [dgroomes.db.Observation#1]
18:04:30 [main] TRACE o.h.e.i.DefaultLoadEventListener - Object not resolved in any cache: [dgroomes.db.Observation#1]
18:04:30 [main] TRACE o.h.p.entity.AbstractEntityPersister - Fetching entity: [dgroomes.db.Observation#1]
18:04:30 [main] DEBUG org.hibernate.orm.sql.exec - Skipping reading Query result cache data: cache-enabled = false, cache-mode = IGNORE
18:04:30 [main] TRACE org.hibernate.orm.results - Registering initializer : EntityJoinedFetchInitializer(dgroomes.db.Observation.type)
18:04:30 [main] TRACE org.hibernate.orm.results - Registering initializer : EntityResultInitializer(dgroomes.db.Observation)
18:04:30 [main] DEBUG org.hibernate.orm.results - Initializer list
18:04:30 [main] DEBUG org.hibernate.orm.results -     dgroomes.db.Observation.type -> EntityJoinedFetchInitializer(dgroomes.db.Observation.type)@1229143192 (ToOneAttributeMapping(NavigableRole[dgroomes.db.Observation.type])@2138697198)
18:04:30 [main] DEBUG org.hibernate.orm.results -     dgroomes.db.Observation -> EntityResultInitializer(dgroomes.db.Observation)@190605872 (SingleTableEntityPersister(dgroomes.db.Observation))
18:04:30 [main] TRACE o.h.s.r.j.i.DeferredResultSetAccess - Executing query to retrieve ResultSet : select o1_0.id,o1_0.observation,t1_0.id,t1_0.description from observations o1_0 left join observation_types t1_0 on t1_0.id=o1_0.type where o1_0.id=?
18:04:30 [main] DEBUG org.hibernate.SQL -
    select
        o1_0.id,
        o1_0.observation,
        t1_0.id,
        t1_0.description
    from
        observations o1_0
    left join
        observation_types t1_0
            on t1_0.id=o1_0.type
    where
        o1_0.id=?
[Hibernate]
    select
        o1_0.id,
        o1_0.observation,
        t1_0.id,
        t1_0.description
    from
        observations o1_0
    left join
        observation_types t1_0
            on t1_0.id=o1_0.type
    where
        o1_0.id=?
18:04:30 [main] TRACE o.h.r.j.i.ResourceRegistryStandardImpl - Registering statement [prep0: select o1_0.id,o1_0.observation,t1_0.id,t1_0.description from observations o1_0 left join observation_types t1_0 on t1_0.id=o1_0.type where o1_0.id=?]
18:04:30 [main] TRACE org.hibernate.orm.jdbc.bind - binding parameter [1] as [INTEGER] - [1]
18:04:30 [main] TRACE o.h.r.j.i.ResourceRegistryStandardImpl - Registering result set [rs4: org.h2.result.LocalResult@673e76b3 columns: 4 rows: 1 pos: -1]
18:04:30 [main] TRACE o.h.r.j.i.AbstractLogicalConnectionImplementor - LogicalConnection#afterStatement
18:04:30 [main] TRACE org.hibernate.orm.jdbc.extract - extracted value ([1] : [INTEGER]) - [1]
18:04:30 [main] TRACE org.hibernate.orm.jdbc.extract - extracted value ([2] : [VARCHAR]) - [The sky is blue]
18:04:30 [main] TRACE org.hibernate.orm.jdbc.extract - extracted value ([3] : [INTEGER]) - [1]
18:04:30 [main] TRACE org.hibernate.orm.jdbc.extract - extracted value ([4] : [VARCHAR]) - [Uninteresting observation]
18:04:30 [main] TRACE org.hibernate.orm.results.loading - StandardRowReader#readRow
18:04:30 [main] TRACE o.h.orm.results.loading.entity - (o.h.s.r.g.e.i.EntityJoinedFetchInitializer) Beginning Initializer#resolveKey process for entity : dgroomes.db.Observation.type
18:04:30 [main] DEBUG org.hibernate.orm.results - Extracted JDBC value [2] - [1]
18:04:30 [main] DEBUG o.h.orm.results.loading.entity - (EntityJoinedFetchInitializer) Hydrated EntityKey (dgroomes.db.Observation.type): 1
18:04:30 [main] TRACE o.h.orm.results.loading.entity - (o.h.s.r.g.e.i.EntityResultInitializer) Beginning Initializer#resolveKey process for entity : dgroomes.db.Observation
18:04:30 [main] DEBUG o.h.orm.results.loading.entity - (EntityResultInitializer) Hydrated EntityKey (dgroomes.db.Observation): 1
18:04:30 [main] TRACE o.h.orm.results.loading.entity - (o.h.s.r.g.e.i.EntityJoinedFetchInitializer) Beginning Initializer#resolveInstance process for entity (dgroomes.db.Observation.type) : 1
18:04:30 [main] DEBUG o.h.orm.results.loading.entity - (EntityJoinedFetchInitializer) Created new entity instance [dgroomes.db.Observation.type#1] : dgroomes.db.ObservationType@588545ac
18:04:30 [main] TRACE o.h.orm.results.loading.entity - (o.h.s.r.g.e.i.EntityResultInitializer) Beginning Initializer#resolveInstance process for entity (dgroomes.db.Observation) : 1
18:04:30 [main] DEBUG o.h.orm.results.loading.entity - (EntityResultInitializer) Created new entity instance [dgroomes.db.Observation#1] : dgroomes.db.Observation@2b08772d
18:04:30 [main] TRACE o.h.orm.results.loading.entity - (EntityJoinedFetchInitializer) Beginning Initializer#initializeInstance process for entity dgroomes.db.Observation.type#1
18:04:30 [main] DEBUG org.hibernate.orm.results - Extracted JDBC value [3] - [Uninteresting observation]
18:04:30 [main] DEBUG o.h.orm.results.loading.entity - (EntityJoinedFetchInitializer) Done materializing entityInstance : dgroomes.db.Observation.type#1
18:04:30 [main] TRACE o.h.orm.results.loading.entity - (EntityResultInitializer) Beginning Initializer#initializeInstance process for entity dgroomes.db.Observation#1
18:04:30 [main] DEBUG org.hibernate.orm.results - Extracted JDBC value [1] - [The sky is blue]
18:04:30 [main] DEBUG o.h.orm.results.loading.entity - (EntityJoinedFetchInitializer) Found existing loading entry [dgroomes.db.Observation.type#1] - using loading instance
18:04:30 [main] DEBUG o.h.orm.results.loading.entity - (EntityResultInitializer) Done materializing entityInstance : dgroomes.db.Observation#1
18:04:30 [main] DEBUG org.hibernate.orm.results.loading - Calling top-level assembler (0 / 1) : org.hibernate.sql.results.graph.entity.internal.EntityAssembler@3ece79fe
18:04:30 [main] DEBUG o.h.orm.results.loading.entity - (EntityResultInitializer) Found existing loading entry [dgroomes.db.Observation#1] - using loading instance
18:04:30 [main] TRACE org.hibernate.orm.results.loading - StandardRowReader#afterRow
18:04:30 [main] TRACE o.h.s.r.j.i.JdbcValuesSourceProcessingStateStandardImpl - Total objects hydrated: 2
18:04:30 [main] TRACE o.h.r.j.i.ResourceRegistryStandardImpl - Releasing result set [rs4: org.h2.result.LocalResult@673e76b3 columns: 4 rows: 1 pos: 1]
18:04:30 [main] TRACE o.h.r.j.i.ResourceRegistryStandardImpl - Closing result set [rs4: org.h2.result.LocalResult@673e76b3 columns: 4 rows: 1 pos: 1]
18:04:30 [main] TRACE o.h.r.j.i.ResourceRegistryStandardImpl - Releasing statement [prep0: select o1_0.id,o1_0.observation,t1_0.id,t1_0.description from observations o1_0 left join observation_types t1_0 on t1_0.id=o1_0.type where o1_0.id=? {1: 1}]
18:04:30 [main] DEBUG o.h.r.j.i.ResourceRegistryStandardImpl - HHH000387: ResultSet's statement was not registered
18:04:30 [main] TRACE o.h.r.j.i.ResourceRegistryStandardImpl - Closing prepared statement [prep0: select o1_0.id,o1_0.observation,t1_0.id,t1_0.description from observations o1_0 left join observation_types t1_0 on t1_0.id=o1_0.type where o1_0.id=? {1: 1}]
18:04:30 [main] TRACE o.h.e.i.StatefulPersistenceContext - Initializing non-lazy collections
18:04:30 [main] TRACE o.h.r.j.i.AbstractLogicalConnectionImplementor - LogicalConnection#afterTransaction
18:04:30 [main] TRACE o.h.r.j.i.ResourceRegistryStandardImpl - Releasing JDBC resources
18:04:30 [main] DEBUG o.h.r.j.i.LogicalConnectionManagedImpl - Initiating JDBC connection release from afterTransaction
18:04:30 [main] TRACE o.h.r.j.i.ResourceRegistryStandardImpl - Releasing JDBC resources
18:04:30 [main] INFO  dgroomes.InteractionSimulator - The query found ...
18:04:30 [main] INFO  dgroomes.InteractionSimulator - Observation (id=1, type=Uninteresting observation): The sky is blue
18:04:30 [main] INFO  dgroomes.InteractionSimulator -
