17:42:52 [main] INFO  dgroomes.InteractionSimulator - Executing the same 'find' operation for user 2 ...
17:42:52 [main] TRACE o.h.e.i.DefaultLoadEventListener - Loading entity: [dgroomes.db.Observation#1]
17:42:52 [main] TRACE o.h.e.i.DefaultLoadEventListener - Attempting to resolve: [dgroomes.db.Observation#1]
17:42:52 [main] TRACE o.h.e.i.DefaultLoadEventListener - Object not resolved in any cache: [dgroomes.db.Observation#1]
17:42:52 [main] TRACE o.h.p.entity.AbstractEntityPersister - Fetching entity: [dgroomes.db.Observation#1]
17:42:52 [main] DEBUG org.hibernate.orm.sql.exec - Skipping reading Query result cache data: cache-enabled = false, cache-mode = IGNORE
17:42:52 [main] TRACE org.hibernate.orm.results - Registering initializer : EntityJoinedFetchInitializer(dgroomes.db.Observation.type)
17:42:52 [main] TRACE org.hibernate.orm.results - Registering initializer : EntityResultInitializer(dgroomes.db.Observation)
17:42:52 [main] DEBUG org.hibernate.orm.results - Initializer list:
          dgroomes.db.Observation -> EntityResultInitializer(dgroomes.db.Observation)@633468398 (SingleTableEntityPersister(dgroomes.db.Observation))
          dgroomes.db.Observation.type -> EntityJoinedFetchInitializer(dgroomes.db.Observation.type)@79488555 (ToOneAttributeMapping(NavigableRole[dgroomes.db.Observation.type])@1777369261)

17:42:52 [main] TRACE o.h.s.r.j.i.DeferredResultSetAccess - Executing query to retrieve ResultSet : select o1_0.id,o1_0.observation,t1_0.id,t1_0.description from observations o1_0 left join observation_types t1_0 on t1_0.id=o1_0.type where o1_0.id=?
17:42:52 [main] DEBUG org.hibernate.SQL -
    select
        o1_0.id,
        o1_0.observation,
        t1_0.id,
        t1_0.description
    from
        observations o1_0
    left join
        observation_types t1_0
            on t1_0.id=o1_0.type
    where
        o1_0.id=?
[Hibernate]
    select
        o1_0.id,
        o1_0.observation,
        t1_0.id,
        t1_0.description
    from
        observations o1_0
    left join
        observation_types t1_0
            on t1_0.id=o1_0.type
    where
        o1_0.id=?
17:42:52 [main] TRACE o.h.r.j.i.ResourceRegistryStandardImpl - Registering statement [prep2: select o1_0.id,o1_0.observation,t1_0.id,t1_0.description from observations o1_0 left join observation_types t1_0 on t1_0.id=o1_0.type where o1_0.id=?]
17:42:52 [main] TRACE o.h.e.j.internal.JdbcCoordinatorImpl - Registering last query statement [prep2: select o1_0.id,o1_0.observation,t1_0.id,t1_0.description from observations o1_0 left join observation_types t1_0 on t1_0.id=o1_0.type where o1_0.id=?]
17:42:52 [main] TRACE org.hibernate.orm.jdbc.bind - binding parameter (1:INTEGER) <- [1]
17:42:52 [main] TRACE o.h.r.j.i.ResourceRegistryStandardImpl - Registering result set [rs6: org.h2.result.LocalResult@15a8cebd columns: 4 rows: 1 pos: -1]
17:42:52 [main] TRACE org.hibernate.orm.results.loading - StandardRowReader#readRow
17:42:52 [main] TRACE o.h.orm.results.loading.entity - (o.h.s.r.g.e.i.EntityResultInitializer) Beginning Initializer#resolveKey process for entity : dgroomes.db.Observation
17:42:52 [main] DEBUG o.h.orm.results.loading.entity - (EntityResultInitializer) Hydrated EntityKey (dgroomes.db.Observation): 1
17:42:52 [main] TRACE o.h.orm.results.loading.entity - (o.h.s.r.g.e.i.EntityJoinedFetchInitializer) Beginning Initializer#resolveKey process for entity : dgroomes.db.Observation.type
17:42:52 [main] TRACE org.hibernate.orm.jdbc.extract - extracted value (3:INTEGER) -> [1]
17:42:52 [main] DEBUG org.hibernate.orm.results - Extracted JDBC value [2] - [1]
17:42:52 [main] DEBUG o.h.orm.results.loading.entity - (EntityJoinedFetchInitializer) Hydrated EntityKey (dgroomes.db.Observation.type): 1
17:42:52 [main] TRACE o.h.orm.results.loading.entity - (o.h.s.r.g.e.i.EntityJoinedFetchInitializer) Beginning Initializer#resolveInstance process for entity (dgroomes.db.Observation.type) : 1
17:42:52 [main] DEBUG o.h.orm.results.loading.entity - (EntityJoinedFetchInitializer) Created new entity instance [dgroomes.db.Observation.type#1] : 659545766
17:42:52 [main] TRACE o.h.orm.results.loading.entity - (o.h.s.r.g.e.i.EntityResultInitializer) Beginning Initializer#resolveInstance process for entity (dgroomes.db.Observation) : 1
17:42:52 [main] DEBUG o.h.orm.results.loading.entity - (EntityResultInitializer) Created new entity instance [dgroomes.db.Observation#1] : 1958814164
17:42:52 [main] TRACE o.h.orm.results.loading.entity - (EntityJoinedFetchInitializer) Beginning Initializer#initializeInstance process for entity dgroomes.db.Observation.type#1
17:42:52 [main] TRACE org.hibernate.orm.jdbc.extract - extracted value (4:VARCHAR) -> [Uninteresting observation]
17:42:52 [main] DEBUG org.hibernate.orm.results - Extracted JDBC value [3] - [Uninteresting observation]
17:42:52 [main] DEBUG o.h.orm.results.loading.entity - (EntityJoinedFetchInitializer) Done materializing entityInstance : dgroomes.db.Observation.type#1
17:42:52 [main] TRACE o.h.orm.results.loading.entity - (EntityResultInitializer) Beginning Initializer#initializeInstance process for entity dgroomes.db.Observation#1
17:42:52 [main] TRACE org.hibernate.orm.jdbc.extract - extracted value (2:VARCHAR) -> [The sky is blue]
17:42:52 [main] DEBUG org.hibernate.orm.results - Extracted JDBC value [1] - [The sky is blue]
17:42:52 [main] DEBUG o.h.orm.results.loading.entity - (EntityResultInitializer) Done materializing entityInstance : dgroomes.db.Observation#1
17:42:52 [main] DEBUG org.hibernate.orm.results.loading - Calling top-level assembler (0 / 1) : org.hibernate.sql.results.graph.entity.internal.EntityAssembler@2a484710
17:42:52 [main] TRACE org.hibernate.orm.results.loading - StandardRowReader#afterRow
17:42:52 [main] TRACE o.h.r.j.i.ResourceRegistryStandardImpl - Releasing result set [rs6: org.h2.result.LocalResult@15a8cebd columns: 4 rows: 1 pos: 1]
17:42:52 [main] TRACE o.h.r.j.i.ResourceRegistryStandardImpl - Closing result set [rs6: org.h2.result.LocalResult@15a8cebd columns: 4 rows: 1 pos: 1]
17:42:52 [main] TRACE o.h.r.j.i.ResourceRegistryStandardImpl - Releasing statement [prep2: select o1_0.id,o1_0.observation,t1_0.id,t1_0.description from observations o1_0 left join observation_types t1_0 on t1_0.id=o1_0.type where o1_0.id=? {1: 1}]
17:42:52 [main] TRACE o.h.r.j.i.ResourceRegistryStandardImpl - Closing prepared statement [prep2: select o1_0.id,o1_0.observation,t1_0.id,t1_0.description from observations o1_0 left join observation_types t1_0 on t1_0.id=o1_0.type where o1_0.id=? {1: 1}]
17:42:52 [main] TRACE o.h.r.j.i.AbstractLogicalConnectionImplementor - LogicalConnection#afterStatement
17:42:52 [main] TRACE o.h.e.i.StatefulPersistenceContext - Initializing non-lazy collections
17:42:52 [main] TRACE o.h.r.j.i.AbstractLogicalConnectionImplementor - LogicalConnection#afterTransaction
17:42:52 [main] TRACE o.h.r.j.i.ResourceRegistryStandardImpl - Releasing JDBC resources
17:42:52 [main] DEBUG o.h.r.j.i.LogicalConnectionManagedImpl - Initiating JDBC connection release from afterTransaction
17:42:52 [main] TRACE o.h.r.j.i.ResourceRegistryStandardImpl - Releasing JDBC resources
17:42:52 [main] INFO  dgroomes.InteractionSimulator - Found ...
17:42:52 [main] INFO  dgroomes.InteractionSimulator - Observation (id=1, type=Uninteresting observation): The sky is blue
17:42:52 [main] INFO  dgroomes.InteractionSimulator -
17:42:52 [main] TRACE org.hibernate.internal.SessionImpl - Closing session [d67e1f6e-a093-4d88-a25e-67caa93f4143]
17:42:52 [main] TRACE o.h.e.j.internal.JdbcCoordinatorImpl - Closing JDBC container [org.hibernate.engine.jdbc.internal.JdbcCoordinatorImpl@3ffd4b12]
17:42:52 [main] TRACE o.h.r.j.i.ResourceRegistryStandardImpl - Releasing JDBC resources
17:42:52 [main] TRACE o.h.r.j.i.LogicalConnectionManagedImpl - Closing logical connection
17:42:52 [main] TRACE o.h.r.j.i.LogicalConnectionManagedImpl - Logical connection closed
