22:52:22 [main] INFO  dgroomes.App - Scenario 2: 'first-level cache miss'
22:52:22 [main] TRACE o.h.i.SessionFactoryImpl$SessionBuilderImpl - Opening Hibernate Session.  tenant=null
22:52:22 [main] TRACE org.hibernate.internal.SessionImpl - Opened Session [51f22623-ca4c-4bdf-96d5-5afaf5d0c892] at timestamp: 1689393142575
22:52:22 [main] INFO  dgroomes.InteractionSimulator - Executing a 'find' operation for user 1 ...
22:52:22 [main] TRACE o.h.e.i.DefaultLoadEventListener - Loading entity: [dgroomes.db.Observation#1]
22:52:22 [main] TRACE o.h.e.i.DefaultLoadEventListener - Attempting to resolve: [dgroomes.db.Observation#1]
22:52:22 [main] TRACE o.h.e.i.DefaultLoadEventListener - Object not resolved in any cache: [dgroomes.db.Observation#1]
22:52:22 [main] TRACE o.h.p.entity.AbstractEntityPersister - Fetching entity: [dgroomes.db.Observation#1]
22:52:22 [main] DEBUG org.hibernate.orm.sql.exec - Skipping reading Query result cache data: cache-enabled = false, cache-mode = IGNORE
22:52:22 [main] TRACE org.hibernate.orm.results - Registering initializer : EntityJoinedFetchInitializer(dgroomes.db.Observation.type)
22:52:22 [main] TRACE org.hibernate.orm.results - Registering initializer : EntityResultInitializer(dgroomes.db.Observation)
22:52:22 [main] DEBUG org.hibernate.orm.results - Initializer list
22:52:22 [main] DEBUG org.hibernate.orm.results -     dgroomes.db.Observation.type -> EntityJoinedFetchInitializer(dgroomes.db.Observation.type)@295937119 (ToOneAttributeMapping(NavigableRole[dgroomes.db.Observation.type])@1760175419)
22:52:22 [main] DEBUG org.hibernate.orm.results -     dgroomes.db.Observation -> EntityResultInitializer(dgroomes.db.Observation)@1769565136 (SingleTableEntityPersister(dgroomes.db.Observation))
22:52:22 [main] TRACE o.h.s.r.j.i.DeferredResultSetAccess - Executing query to retrieve ResultSet : select o1_0.id,o1_0.observation,t1_0.id,t1_0.description from observations o1_0 left join observation_types t1_0 on t1_0.id=o1_0.type where o1_0.id=?
22:52:22 [main] DEBUG org.hibernate.SQL -
    select
        o1_0.id,
        o1_0.observation,
        t1_0.id,
        t1_0.description
    from
        observations o1_0
    left join
        observation_types t1_0
            on t1_0.id=o1_0.type
    where
        o1_0.id=?
[Hibernate]
    select
        o1_0.id,
        o1_0.observation,
        t1_0.id,
        t1_0.description
    from
        observations o1_0
    left join
        observation_types t1_0
            on t1_0.id=o1_0.type
    where
        o1_0.id=?
22:52:22 [main] TRACE o.h.r.j.i.ResourceRegistryStandardImpl - Registering statement [prep1: select o1_0.id,o1_0.observation,t1_0.id,t1_0.description from observations o1_0 left join observation_types t1_0 on t1_0.id=o1_0.type where o1_0.id=?]
22:52:22 [main] TRACE org.hibernate.orm.jdbc.bind - binding parameter [1] as [INTEGER] - [1]
22:52:22 [main] TRACE o.h.r.j.i.ResourceRegistryStandardImpl - Registering result set [rs5: org.h2.result.LocalResult@8c0a23f columns: 4 rows: 1 pos: -1]
22:52:22 [main] TRACE o.h.r.j.i.AbstractLogicalConnectionImplementor - LogicalConnection#afterStatement
22:52:22 [main] TRACE org.hibernate.orm.jdbc.extract - extracted value ([1] : [INTEGER]) - [1]
22:52:22 [main] TRACE org.hibernate.orm.jdbc.extract - extracted value ([2] : [VARCHAR]) - [The sky is blue]
22:52:22 [main] TRACE org.hibernate.orm.jdbc.extract - extracted value ([3] : [INTEGER]) - [1]
22:52:22 [main] TRACE org.hibernate.orm.jdbc.extract - extracted value ([4] : [VARCHAR]) - [Uninteresting observation]
22:52:22 [main] TRACE org.hibernate.orm.results.loading - StandardRowReader#readRow
22:52:22 [main] TRACE o.h.orm.results.loading.entity - (o.h.s.r.g.e.i.EntityJoinedFetchInitializer) Beginning Initializer#resolveKey process for entity : dgroomes.db.Observation.type
22:52:22 [main] DEBUG org.hibernate.orm.results - Extracted JDBC value [2] - [1]
22:52:22 [main] DEBUG o.h.orm.results.loading.entity - (EntityJoinedFetchInitializer) Hydrated EntityKey (dgroomes.db.Observation.type): 1
22:52:22 [main] TRACE o.h.orm.results.loading.entity - (o.h.s.r.g.e.i.EntityResultInitializer) Beginning Initializer#resolveKey process for entity : dgroomes.db.Observation
22:52:22 [main] DEBUG o.h.orm.results.loading.entity - (EntityResultInitializer) Hydrated EntityKey (dgroomes.db.Observation): 1
22:52:22 [main] TRACE o.h.orm.results.loading.entity - (o.h.s.r.g.e.i.EntityJoinedFetchInitializer) Beginning Initializer#resolveInstance process for entity (dgroomes.db.Observation.type) : 1
22:52:22 [main] DEBUG o.h.orm.results.loading.entity - (EntityJoinedFetchInitializer) Created new entity instance [dgroomes.db.Observation.type#1] : 650687126
22:52:22 [main] TRACE o.h.orm.results.loading.entity - (o.h.s.r.g.e.i.EntityResultInitializer) Beginning Initializer#resolveInstance process for entity (dgroomes.db.Observation) : 1
22:52:22 [main] DEBUG o.h.orm.results.loading.entity - (EntityResultInitializer) Created new entity instance [dgroomes.db.Observation#1] : 489200959
22:52:22 [main] TRACE o.h.orm.results.loading.entity - (EntityJoinedFetchInitializer) Beginning Initializer#initializeInstance process for entity dgroomes.db.Observation.type#1
22:52:22 [main] DEBUG org.hibernate.orm.results - Extracted JDBC value [3] - [Uninteresting observation]
22:52:22 [main] DEBUG o.h.orm.results.loading.entity - (EntityJoinedFetchInitializer) Done materializing entityInstance : dgroomes.db.Observation.type#1
22:52:22 [main] TRACE o.h.orm.results.loading.entity - (EntityResultInitializer) Beginning Initializer#initializeInstance process for entity dgroomes.db.Observation#1
22:52:22 [main] DEBUG org.hibernate.orm.results - Extracted JDBC value [1] - [The sky is blue]
22:52:22 [main] DEBUG o.h.orm.results.loading.entity - (EntityResultInitializer) Done materializing entityInstance : dgroomes.db.Observation#1
22:52:22 [main] DEBUG org.hibernate.orm.results.loading - Calling top-level assembler (0 / 1) : org.hibernate.sql.results.graph.entity.internal.EntityAssembler@10f405ff
22:52:22 [main] TRACE org.hibernate.orm.results.loading - StandardRowReader#afterRow
22:52:22 [main] TRACE o.h.r.j.i.ResourceRegistryStandardImpl - Releasing result set [rs5: org.h2.result.LocalResult@8c0a23f columns: 4 rows: 1 pos: 1]
22:52:22 [main] TRACE o.h.r.j.i.ResourceRegistryStandardImpl - Closing result set [rs5: org.h2.result.LocalResult@8c0a23f columns: 4 rows: 1 pos: 1]
22:52:22 [main] TRACE o.h.r.j.i.ResourceRegistryStandardImpl - Releasing statement [prep1: select o1_0.id,o1_0.observation,t1_0.id,t1_0.description from observations o1_0 left join observation_types t1_0 on t1_0.id=o1_0.type where o1_0.id=? {1: 1}]
22:52:22 [main] TRACE o.h.r.j.i.ResourceRegistryStandardImpl - Closing prepared statement [prep1: select o1_0.id,o1_0.observation,t1_0.id,t1_0.description from observations o1_0 left join observation_types t1_0 on t1_0.id=o1_0.type where o1_0.id=? {1: 1}]
22:52:22 [main] TRACE o.h.e.i.StatefulPersistenceContext - Initializing non-lazy collections
22:52:22 [main] TRACE o.h.r.j.i.AbstractLogicalConnectionImplementor - LogicalConnection#afterTransaction
22:52:22 [main] TRACE o.h.r.j.i.ResourceRegistryStandardImpl - Releasing JDBC resources
22:52:22 [main] DEBUG o.h.r.j.i.LogicalConnectionManagedImpl - Initiating JDBC connection release from afterTransaction
22:52:22 [main] TRACE o.h.r.j.i.ResourceRegistryStandardImpl - Releasing JDBC resources
22:52:22 [main] INFO  dgroomes.InteractionSimulator - Found ...
22:52:22 [main] INFO  dgroomes.InteractionSimulator - Observation (id=1, type=Uninteresting observation): The sky is blue
22:52:22 [main] INFO  dgroomes.InteractionSimulator -
22:52:22 [main] TRACE org.hibernate.internal.SessionImpl - Closing session [51f22623-ca4c-4bdf-96d5-5afaf5d0c892]
22:52:22 [main] TRACE o.h.e.j.internal.JdbcCoordinatorImpl - Closing JDBC container [org.hibernate.engine.jdbc.internal.JdbcCoordinatorImpl@1c98b4eb]
22:52:22 [main] TRACE o.h.r.j.i.ResourceRegistryStandardImpl - Releasing JDBC resources
22:52:22 [main] TRACE o.h.r.j.i.LogicalConnectionManagedImpl - Closing logical connection
22:52:22 [main] TRACE o.h.r.j.i.LogicalConnectionManagedImpl - Logical connection closed
22:52:22 [main] TRACE o.h.i.SessionFactoryImpl$SessionBuilderImpl - Opening Hibernate Session.  tenant=null
22:52:22 [main] TRACE org.hibernate.internal.SessionImpl - Opened Session [885f64b5-b2f4-464d-879e-a0db31de5069] at timestamp: 1689393142577
